#-----------------------------------------------------------
# Vivado v2020.2 (64-bit)
# SW Build 3064766 on Wed Nov 18 09:12:45 MST 2020
# IP Build 3064653 on Wed Nov 18 14:17:31 MST 2020
# Start of session at: Thu Dec 29 15:52:57 2022
# Process ID: 11880
# Current directory: C:/Users/a5658/Desktop/logic_design_lab/Final_Project_Tetris
# Command line: vivado.exe -gui_launcher_event rodinguilauncherevent7068 C:\Users\a5658\Desktop\logic_design_lab\Final_Project_Tetris\Final_Project_Tetris.xpr
# Log file: C:/Users/a5658/Desktop/logic_design_lab/Final_Project_Tetris/vivado.log
# Journal file: C:/Users/a5658/Desktop/logic_design_lab/Final_Project_Tetris\vivado.jou
#-----------------------------------------------------------
start_gui
open_project C:/Users/a5658/Desktop/logic_design_lab/Final_Project_Tetris/Final_Project_Tetris.xpr
Scanning sources...
Finished scanning sources
INFO: [IP_Flow 19-234] Refreshing IP repositories
INFO: [IP_Flow 19-1700] Loaded user IP repository 'c:/Users/a5658/Desktop/清大/邏輯設計實驗/Keyboard Sample Code/Keyboard Sample Code/ip'.
INFO: [IP_Flow 19-2313] Loaded Vivado IP repository 'C:/Xilinx/Vivado/2020.2/data/ip'.
open_project: Time (s): cpu = 00:00:21 ; elapsed = 00:00:11 . Memory (MB): peak = 1004.547 ; gain = 0.000
update_compile_order -fileset sources_1
launch_runs synth_1 -jobs 4
[Thu Dec 29 15:53:49 2022] Launched synth_1...
Run output will be captured here: C:/Users/a5658/Desktop/logic_design_lab/Final_Project_Tetris/Final_Project_Tetris.runs/synth_1/runme.log
reset_run synth_1
WARNING: [Vivado 12-1017] Problems encountered:
1. Failed to delete one or more files in run directory C:/Users/a5658/Desktop/logic_design_lab/Final_Project_Tetris/Final_Project_Tetris.runs/synth_1

exit
INFO: [Common 17-206] Exiting Vivado at Thu Dec 29 16:28:26 2022...
