#-----------------------------------------------------------
# Vivado v2020.2 (64-bit)
# SW Build 3064766 on Wed Nov 18 09:12:45 MST 2020
# IP Build 3064653 on Wed Nov 18 14:17:31 MST 2020
# Start of session at: Wed Dec 28 10:20:25 2022
# Process ID: 15568
# Current directory: C:/Users/a5658/Desktop/logic_design_lab/Final_Project_Tetris
# Command line: vivado.exe -gui_launcher_event rodinguilauncherevent13744 C:\Users\a5658\Desktop\logic_design_lab\Final_Project_Tetris\Final_Project_Tetris.xpr
# Log file: C:/Users/a5658/Desktop/logic_design_lab/Final_Project_Tetris/vivado.log
# Journal file: C:/Users/a5658/Desktop/logic_design_lab/Final_Project_Tetris\vivado.jou
#-----------------------------------------------------------
start_gui
open_project C:/Users/a5658/Desktop/logic_design_lab/Final_Project_Tetris/Final_Project_Tetris.xpr
WARNING: [filemgmt 56-3] Default IP Output Path : Could not find the directory 'C:/Users/a5658/Desktop/logic_design_lab/Final_Project_Tetris/Final_Project_Tetris.gen/sources_1'.
Scanning sources...
Finished scanning sources
INFO: [IP_Flow 19-234] Refreshing IP repositories
INFO: [IP_Flow 19-1704] No user IP repositories specified
INFO: [IP_Flow 19-2313] Loaded Vivado IP repository 'C:/Xilinx/Vivado/2020.2/data/ip'.
open_project: Time (s): cpu = 00:00:13 ; elapsed = 00:00:06 . Memory (MB): peak = 1004.477 ; gain = 0.000
update_compile_order -fileset sources_1
close [ open C:/Users/a5658/Desktop/logic_design_lab/Final_Project_Tetris/Final_Project_Tetris.srcs/sources_1/new/Top.v w ]
add_files C:/Users/a5658/Desktop/logic_design_lab/Final_Project_Tetris/Final_Project_Tetris.srcs/sources_1/new/Top.v
update_compile_order -fileset sources_1
add_files -norecurse {C:/Users/a5658/Desktop/清大/邏輯設計實驗/final_project/VGA/DEMO/demo1/vga.v C:/Users/a5658/Desktop/清大/邏輯設計實驗/final_project/VGA/DEMO/demo1/clock_divisor.v}
update_compile_order -fileset sources_1
export_ip_user_files -of_objects  [get_files C:/Users/a5658/Desktop/清大/邏輯設計實驗/final_project/VGA/DEMO/demo1/clock_divisor.v] -no_script -reset -force -quiet
export_ip_user_files -of_objects  [get_files C:/Users/a5658/Desktop/清大/邏輯設計實驗/final_project/VGA/DEMO/demo1/vga.v] -no_script -reset -force -quiet
remove_files  {C:/Users/a5658/Desktop/清大/邏輯設計實驗/final_project/VGA/DEMO/demo1/clock_divisor.v C:/Users/a5658/Desktop/清大/邏輯設計實驗/final_project/VGA/DEMO/demo1/vga.v}
import_files -norecurse {C:/Users/a5658/Desktop/清大/邏輯設計實驗/final_project/VGA/DEMO/demo1/vga.v C:/Users/a5658/Desktop/清大/邏輯設計實驗/final_project/VGA/DEMO/demo1/clock_divisor.v}
update_compile_order -fileset sources_1
add_files -fileset constrs_1 -norecurse C:/Users/a5658/Desktop/清大/邏輯設計實驗/final_project/VGA/DEMO/demo1/Basys3_Master.xdc
import_files -fileset constrs_1 C:/Users/a5658/Desktop/清大/邏輯設計實驗/final_project/VGA/DEMO/demo1/Basys3_Master.xdc
import_files -norecurse {{C:/Users/a5658/Desktop/清大/邏輯設計實驗/Keyboard Sample Code/Keyboard Sample Code/KeyboardDecoder.v} {C:/Users/a5658/Desktop/清大/邏輯設計實驗/Keyboard Sample Code/Keyboard Sample Code/SampleDisplay.v} {C:/Users/a5658/Desktop/清大/邏輯設計實驗/Keyboard Sample Code/Keyboard Sample Code/OnePulse.v}}
update_compile_order -fileset sources_1
add_files -fileset constrs_1 -norecurse {{C:/Users/a5658/Desktop/清大/邏輯設計實驗/Keyboard Sample Code/Keyboard Sample Code/KeyboardConstraints.xdc}}
import_files -fileset constrs_1 {{C:/Users/a5658/Desktop/清大/邏輯設計實驗/Keyboard Sample Code/Keyboard Sample Code/KeyboardConstraints.xdc}}
set_property  ip_repo_paths  {{C:/Users/a5658/Desktop/清大/邏輯設計實驗/Keyboard Sample Code/Keyboard Sample Code/ip}} [current_project]
update_ip_catalog
INFO: [IP_Flow 19-234] Refreshing IP repositories
INFO: [IP_Flow 19-1700] Loaded user IP repository 'c:/Users/a5658/Desktop/清大/邏輯設計實驗/Keyboard Sample Code/Keyboard Sample Code/ip'.
WARNING: [filemgmt 56-199] Attempt to get parsing info during refresh. "On-the-fly" syntax checking information may be incorrect. [C:\Users\a5658\Desktop\logic_design_lab\Final_Project_Tetris\Final_Project_Tetris.srcs\sources_1\new\Top.v:]
WARNING: [filemgmt 56-199] Attempt to get parsing info during refresh. "On-the-fly" syntax checking information may be incorrect. [C:\Users\a5658\Desktop\logic_design_lab\Final_Project_Tetris\Final_Project_Tetris.srcs\sources_1\new\Tetris.v:]
WARNING: [filemgmt 56-199] Attempt to get parsing info during refresh. "On-the-fly" syntax checking information may be incorrect. [C:\Users\a5658\Desktop\logic_design_lab\Final_Project_Tetris\Final_Project_Tetris.srcs\sources_1\new\text_Tetris.v:]
WARNING: [filemgmt 56-199] Attempt to get parsing info during refresh. "On-the-fly" syntax checking information may be incorrect. [C:\Users\a5658\Desktop\logic_design_lab\Final_Project_Tetris\Final_Project_Tetris.srcs\sources_1\new\Top.v:]
WARNING: [filemgmt 56-199] Attempt to get parsing info during refresh. "On-the-fly" syntax checking information may be incorrect. [C:\Users\a5658\Desktop\logic_design_lab\Final_Project_Tetris\Final_Project_Tetris.srcs\sources_1\new\Tetris.v:]
WARNING: [filemgmt 56-199] Attempt to get parsing info during refresh. "On-the-fly" syntax checking information may be incorrect. [C:\Users\a5658\Desktop\logic_design_lab\Final_Project_Tetris\Final_Project_Tetris.srcs\sources_1\new\text_Tetris.v:]
ERROR: [Common 17-180] Spawn failed: No error
create_ip -name KeyboardCtrl -vendor xilinx.com -library user -version 1.0 -module_name KeyboardCtrl_0
generate_target {instantiation_template} [get_files c:/Users/a5658/Desktop/logic_design_lab/Final_Project_Tetris/Final_Project_Tetris.srcs/sources_1/ip/KeyboardCtrl_0/KeyboardCtrl_0.xci]
INFO: [IP_Flow 19-1686] Generating 'Instantiation Template' target for IP 'KeyboardCtrl_0'...
update_compile_order -fileset sources_1
generate_target all [get_files  c:/Users/a5658/Desktop/logic_design_lab/Final_Project_Tetris/Final_Project_Tetris.srcs/sources_1/ip/KeyboardCtrl_0/KeyboardCtrl_0.xci]
INFO: [IP_Flow 19-1686] Generating 'Synthesis' target for IP 'KeyboardCtrl_0'...
INFO: [IP_Flow 19-1686] Generating 'Simulation' target for IP 'KeyboardCtrl_0'...
catch { config_ip_cache -export [get_ips -all KeyboardCtrl_0] }
export_ip_user_files -of_objects [get_files c:/Users/a5658/Desktop/logic_design_lab/Final_Project_Tetris/Final_Project_Tetris.srcs/sources_1/ip/KeyboardCtrl_0/KeyboardCtrl_0.xci] -no_script -sync -force -quiet
create_ip_run [get_files -of_objects [get_fileset sources_1] c:/Users/a5658/Desktop/logic_design_lab/Final_Project_Tetris/Final_Project_Tetris.srcs/sources_1/ip/KeyboardCtrl_0/KeyboardCtrl_0.xci]
launch_runs KeyboardCtrl_0_synth_1 -jobs 4
[Wed Dec 28 11:54:48 2022] Launched KeyboardCtrl_0_synth_1...
Run output will be captured here: C:/Users/a5658/Desktop/logic_design_lab/Final_Project_Tetris/Final_Project_Tetris.runs/KeyboardCtrl_0_synth_1/runme.log
export_simulation -of_objects [get_files c:/Users/a5658/Desktop/logic_design_lab/Final_Project_Tetris/Final_Project_Tetris.srcs/sources_1/ip/KeyboardCtrl_0/KeyboardCtrl_0.xci] -directory C:/Users/a5658/Desktop/logic_design_lab/Final_Project_Tetris/Final_Project_Tetris.ip_user_files/sim_scripts -ip_user_files_dir C:/Users/a5658/Desktop/logic_design_lab/Final_Project_Tetris/Final_Project_Tetris.ip_user_files -ipstatic_source_dir C:/Users/a5658/Desktop/logic_design_lab/Final_Project_Tetris/Final_Project_Tetris.ip_user_files/ipstatic -lib_map_path [list {modelsim=C:/Users/a5658/Desktop/logic_design_lab/Final_Project_Tetris/Final_Project_Tetris.cache/compile_simlib/modelsim} {questa=C:/Users/a5658/Desktop/logic_design_lab/Final_Project_Tetris/Final_Project_Tetris.cache/compile_simlib/questa} {riviera=C:/Users/a5658/Desktop/logic_design_lab/Final_Project_Tetris/Final_Project_Tetris.cache/compile_simlib/riviera} {activehdl=C:/Users/a5658/Desktop/logic_design_lab/Final_Project_Tetris/Final_Project_Tetris.cache/compile_simlib/activehdl}] -use_ip_compiled_libs -force -quiet
exit
INFO: [Common 17-206] Exiting Vivado at Wed Dec 28 12:03:42 2022...
